[debug] [2021-11-15T16:58:50.844Z] ----------------------------------------------------------------------
[debug] [2021-11-15T16:58:50.847Z] Command:       C:\Program Files\nodejs\node.exe C:\Users\User1\AppData\Roaming\npm\node_modules\firebase-tools\lib\bin\firebase.js init
[debug] [2021-11-15T16:58:50.847Z] CLI Version:   9.22.0
[debug] [2021-11-15T16:58:50.847Z] Platform:      win32
[debug] [2021-11-15T16:58:50.847Z] Node Version:  v14.18.0
[debug] [2021-11-15T16:58:50.848Z] Time:          Mon Nov 15 2021 22:28:50 GMT+0530 (India Standard Time)
[debug] [2021-11-15T16:58:50.849Z] ----------------------------------------------------------------------
[debug] 
[debug] [2021-11-15T16:58:50.927Z] > command requires scopes: ["email","openid","https://www.googleapis.com/auth/cloudplatformprojects.readonly","https://www.googleapis.com/auth/firebase","https://www.googleapis.com/auth/cloud-platform"]
[debug] [2021-11-15T16:58:50.927Z] > authorizing via signed-in user (alfaiz.momin1998@gmail.com)
[info] 
     ######## #### ########  ######## ########     ###     ######  ########
     ##        ##  ##     ## ##       ##     ##  ##   ##  ##       ##
     ######    ##  ########  ######   ########  #########  ######  ######
     ##        ##  ##    ##  ##       ##     ## ##     ##       ## ##
     ##       #### ##     ## ######## ########  ##     ##  ######  ########

You're about to initialize a Firebase project in this directory:

  C:\Users\User1\prjecct

Before we get started, keep in mind:

  * You are initializing within an existing Firebase project directory

[info] 
=== Project Setup
[info] 
[info] First, let's associate this project directory with a Firebase project.
[info] You can create multiple project aliases by running firebase use --add, 
[info] but for now we'll just set up a default project.
[info] 
[info] i  .firebaserc already has a default project, using aarshiya-5489d. 
[debug] [2021-11-15T16:58:58.107Z] > refreshing access token with scopes: []
[debug] [2021-11-15T16:58:58.108Z] >>> HTTP REQUEST POST https://www.googleapis.com/oauth2/v3/token  
 <request body omitted>
[debug] [2021-11-15T16:58:58.542Z] <<< HTTP RESPONSE 200 {"cache-control":"no-cache, no-store, max-age=0, must-revalidate","pragma":"no-cache","expires":"Mon, 01 Jan 1990 00:00:00 GMT","date":"Mon, 15 Nov 2021 16:58:58 GMT","content-type":"application/json; charset=utf-8","vary":"X-Origin, Referer, Origin,Accept-Encoding","server":"scaffolding on HTTPServer2","x-xss-protection":"0","x-frame-options":"SAMEORIGIN","x-content-type-options":"nosniff","alt-svc":"clear","accept-ranges":"none","transfer-encoding":"chunked"}
[debug] [2021-11-15T16:58:58.553Z] >>> [apiv2][query] GET https://firebase.googleapis.com/v1beta1/projects/aarshiya-5489d [none]
[debug] [2021-11-15T16:58:59.090Z] <<< [apiv2][status] GET https://firebase.googleapis.com/v1beta1/projects/aarshiya-5489d 200
[debug] [2021-11-15T16:58:59.090Z] <<< [apiv2][body] GET https://firebase.googleapis.com/v1beta1/projects/aarshiya-5489d {"projectId":"aarshiya-5489d","projectNumber":"73885852265","displayName":"AArshiya","name":"projects/aarshiya-5489d","resources":{"hostingSite":"aarshiya-5489d","realtimeDatabaseInstance":"aarshiya-5489d-default-rtdb"},"state":"ACTIVE"}
[info] 
=== Hosting:github Setup
[info] 
[info] i  Didn't detect a .git folder. Assuming C:\Users\User1\prjecct is the project root. 
[info] i  Authorizing with GitHub to upload your service account to a GitHub repository's secrets store. 
[info] 
[info] Visit this URL on this device to log in:
[info] https://github.com/login/oauth/authorize?client_id=89cf50f02ac6aaed3484&state=924604329&redirect_uri=http%3A%2F%2Flocalhost%3A9005&scope=read%3Auser%20repo%20public_repo
[info] 
[info] Waiting for authentication...
[debug] [2021-11-15T16:58:59.742Z] >>> HTTP REQUEST POST https://github.com/login/oauth/access_token  
 {"client_id":"89cf50f02ac6aaed3484","client_secret":"3330d14abc895d9a74d5f17cd7a00711fa2c5bf0","code":"1fe76ecc32e8ac8ee7b5","redirect_uri":"http://localhost:9005","state":"924604329"}
[debug] [2021-11-15T16:59:00.195Z] <<< HTTP RESPONSE 200 {"server":"GitHub.com","date":"Mon, 15 Nov 2021 16:59:00 GMT","content-type":"application/json; charset=utf-8","transfer-encoding":"chunked","vary":"X-PJAX, X-PJAX-Container, Accept-Encoding, Accept, X-Requested-With","permissions-policy":"interest-cohort=()","etag":"W/\"041295fc9bb945ecba28032d85726bbb\"","cache-control":"max-age=0, private, must-revalidate","strict-transport-security":"max-age=31536000; includeSubdomains; preload","x-frame-options":"deny","x-content-type-options":"nosniff","x-xss-protection":"0","referrer-policy":"origin-when-cross-origin, strict-origin-when-cross-origin","expect-ct":"max-age=2592000, report-uri=\"https://api.github.com/_private/browser/errors\"","content-security-policy":"default-src 'none'; base-uri 'self'; block-all-mixed-content; child-src github.com/assets-cdn/worker/ gist.github.com/assets-cdn/worker/; connect-src 'self' uploads.github.com objects-origin.githubusercontent.com www.githubstatus.com collector.githubapp.com api.github.com github-cloud.s3.amazonaws.com github-production-repository-file-5c1aeb.s3.amazonaws.com github-production-upload-manifest-file-7fdce7.s3.amazonaws.com github-production-user-asset-6210df.s3.amazonaws.com cdn.optimizely.com logx.optimizely.com/v1/events translator.github.com wss://alive.github.com; font-src github.githubassets.com; form-action 'self' github.com gist.github.com objects-origin.githubusercontent.com; frame-ancestors 'none'; frame-src render.githubusercontent.com viewscreen.githubusercontent.com notebooks.githubusercontent.com; img-src 'self' data: github.githubassets.com identicons.github.com collector.githubapp.com github-cloud.s3.amazonaws.com secured-user-images.githubusercontent.com/ *.githubusercontent.com; manifest-src 'self'; media-src github.com user-images.githubusercontent.com/; script-src github.githubassets.com; style-src 'unsafe-inline' github.githubassets.com; worker-src github.com/assets-cdn/worker/ gist.github.com/assets-cdn/worker/","x-github-request-id":"448B:331C:770ED6:8D29E5:619291D4"}
[debug] [2021-11-15T16:59:00.199Z] >>> [apiv2][query] GET https://api.github.com/user [none]
[debug] [2021-11-15T16:59:00.829Z] <<< [apiv2][status] GET https://api.github.com/user 200
[debug] [2021-11-15T16:59:00.829Z] <<< [apiv2][body] GET https://api.github.com/user {"login":"AlfaizMomin","id":92293677,"node_id":"U_kgDOBYBKLQ","avatar_url":"https://avatars.githubusercontent.com/u/92293677?v=4","gravatar_id":"","url":"https://api.github.com/users/AlfaizMomin","html_url":"https://github.com/AlfaizMomin","followers_url":"https://api.github.com/users/AlfaizMomin/followers","following_url":"https://api.github.com/users/AlfaizMomin/following{/other_user}","gists_url":"https://api.github.com/users/AlfaizMomin/gists{/gist_id}","starred_url":"https://api.github.com/users/AlfaizMomin/starred{/owner}{/repo}","subscriptions_url":"https://api.github.com/users/AlfaizMomin/subscriptions","organizations_url":"https://api.github.com/users/AlfaizMomin/orgs","repos_url":"https://api.github.com/users/AlfaizMomin/repos","events_url":"https://api.github.com/users/AlfaizMomin/events{/privacy}","received_events_url":"https://api.github.com/users/AlfaizMomin/received_events","type":"User","site_admin":false,"name":null,"company":null,"blog":"","location":null,"email":null,"hireable":null,"bio":null,"twitter_username":null,"public_repos":1,"public_gists":0,"followers":0,"following":0,"created_at":"2021-10-11T07:00:27Z","updated_at":"2021-11-15T08:00:00Z","private_gists":0,"total_private_repos":0,"owned_private_repos":0,"disk_usage":0,"collaborators":0,"two_factor_authentication":false,"plan":{"name":"free","space":976562499,"collaborators":0,"private_repos":10000}}
[info] 
[info] +  Success! Logged into GitHub as AlfaizMomin 
[info] 
[debug] [2021-11-15T17:00:27.912Z] >>> [apiv2][query] GET https://api.github.com/repos/dist\/actions/secrets/public-key type=owner
[debug] [2021-11-15T17:00:28.253Z] >>> [apiv2][query] GET https://api.github.com/repos//actions/secrets/public-key type=owner
[debug] [2021-11-15T17:00:28.461Z] >>> [apiv2][query] GET https://api.github.com/repos//actions/secrets/public-key type=owner
[debug] [2021-11-15T17:00:28.544Z] <<< [apiv2][status] GET https://api.github.com/repos/dist\/actions/secrets/public-key 404
[debug] [2021-11-15T17:00:28.545Z] <<< [apiv2][body] GET https://api.github.com/repos/dist\/actions/secrets/public-key {"message":"Not Found","documentation_url":"https://docs.github.com/rest"}
[debug] [2021-11-15T17:00:28.599Z] >>> [apiv2][query] GET https://api.github.com/repos//actions/secrets/public-key type=owner
[debug] [2021-11-15T17:00:28.715Z] <<< [apiv2][status] GET https://api.github.com/repos//actions/secrets/public-key 404
[debug] [2021-11-15T17:00:28.715Z] <<< [apiv2][body] GET https://api.github.com/repos//actions/secrets/public-key {"message":"Not Found","documentation_url":"https://docs.github.com/rest"}
[debug] [2021-11-15T17:00:28.781Z] >>> [apiv2][query] GET https://api.github.com/repos//actions/secrets/public-key type=owner
[debug] [2021-11-15T17:00:28.881Z] <<< [apiv2][status] GET https://api.github.com/repos//actions/secrets/public-key 404
[debug] [2021-11-15T17:00:28.881Z] <<< [apiv2][body] GET https://api.github.com/repos//actions/secrets/public-key {"message":"Not Found","documentation_url":"https://docs.github.com/rest"}
[debug] [2021-11-15T17:00:29.044Z] <<< [apiv2][status] GET https://api.github.com/repos//actions/secrets/public-key 404
[debug] [2021-11-15T17:00:29.044Z] <<< [apiv2][body] GET https://api.github.com/repos//actions/secrets/public-key {"message":"Not Found","documentation_url":"https://docs.github.com/rest"}
[debug] [2021-11-15T17:00:29.198Z] <<< [apiv2][status] GET https://api.github.com/repos//actions/secrets/public-key 404
[debug] [2021-11-15T17:00:29.198Z] <<< [apiv2][body] GET https://api.github.com/repos//actions/secrets/public-key {"message":"Not Found","documentation_url":"https://docs.github.com/rest"}
[debug] [2021-11-15T17:00:40.853Z] >>> [apiv2][query] GET https://api.github.com/repos/dist/prjecct/actions/secrets/public-key type=owner
[debug] [2021-11-15T17:00:41.307Z] <<< [apiv2][status] GET https://api.github.com/repos/dist/prjecct/actions/secrets/public-key 404
[debug] [2021-11-15T17:00:41.307Z] <<< [apiv2][body] GET https://api.github.com/repos/dist/prjecct/actions/secrets/public-key {"message":"Not Found","documentation_url":"https://docs.github.com/rest/reference/actions#get-a-repository-public-key"}
